21:04:46.555 [main] INFO  com.daml.navigator.config.Config$ - Loading SDK config file from C:\Users\kenny\Desktop\BlockChain\smart-parking\daml.yaml 
21:04:47.421 [da-ui-backend-akka.actor.default-dispatcher-4] INFO  akka.event.slf4j.Slf4jLogger - Slf4jLogger started 
21:04:47.567 [da-ui-backend-akka.actor.default-dispatcher-11] INFO  c.d.n.store.platform.PlatformStore - Connecting to localhost:6865, using a plaintext connection akkaAddress=akka://da-ui-backend, sourceThread=da-ui-backend-akka.actor.default-dispatcher-5, akkaSource=akka://da-ui-backend/user/$a, sourceActorSystem=da-ui-backend, akkaTimestamp=20:04:47.565UTC
21:04:48.205 [main] INFO  com.daml.navigator.NavigatorBackend$ - DA UI backend server listening on port 7500 
21:04:48.876 [da-ui-backend-akka.actor.default-dispatcher-11] INFO  c.d.n.store.platform.PlatformStore - Time service is not implemented akkaAddress=akka://da-ui-backend, sourceThread=da-ui-backend-akka.actor.default-dispatcher-10, akkaSource=akka://da-ui-backend/user/$a, sourceActorSystem=da-ui-backend, akkaTimestamp=20:04:48.873UTC
21:04:48.883 [da-ui-backend-akka.actor.default-dispatcher-10] INFO  c.d.n.store.platform.PlatformStore - Connected to platform at 'localhost:6865' akkaAddress=akka://da-ui-backend, sourceThread=da-ui-backend-akka.actor.default-dispatcher-10, akkaSource=akka://da-ui-backend/user/$a, sourceActorSystem=da-ui-backend, akkaTimestamp=20:04:48.882UTC
21:04:48.889 [da-ui-backend-akka.actor.default-dispatcher-9] INFO  c.d.n.store.platform.PlatformStore - Starting actor for Driver akkaAddress=akka://da-ui-backend, sourceThread=da-ui-backend-akka.actor.default-dispatcher-10, akkaSource=akka://da-ui-backend/user/$a, sourceActorSystem=da-ui-backend, akkaTimestamp=20:04:48.888UTC
21:04:51.391 [da-ui-backend-akka.actor.default-dispatcher-5] INFO  c.d.n.store.platform.PlatformStore - Starting actor for Parking Space owner akkaAddress=akka://da-ui-backend, sourceThread=da-ui-backend-akka.actor.default-dispatcher-10, akkaSource=akka://da-ui-backend/user/$a, sourceActorSystem=da-ui-backend, akkaTimestamp=20:04:51.391UTC
21:04:51.460 [da-ui-backend-akka.actor.default-dispatcher-5] INFO  c.d.n.store.platform.PlatformStore - Starting actor for Fabricante akkaAddress=akka://da-ui-backend, sourceThread=da-ui-backend-akka.actor.default-dispatcher-10, akkaSource=akka://da-ui-backend/user/$a, sourceActorSystem=da-ui-backend, akkaTimestamp=20:04:51.460UTC
21:04:52.929 [da-ui-backend-akka.actor.default-dispatcher-8] INFO  c.d.n.s.platform.PlatformSubscriber - Successfully loaded packages [f3a8894cb1c3e35049399d6a7ae98b6669772e31c932afff68e1b3ac36b8f327, c1f1f00558799eec139fb4f4c76f95fb52fa1837a5dd29600baa1c8ed1bdccfd, 733e38d36a2759688a4b2c4cec69d48e7b55ecc8dedc8067b815926c917a182a, bfcd37bd6b84768e86e432f5f6c33e25d9e7724a9d42e33875ff74f6348e733f, e43e6919b0b662427bc18f7a1d4f6233b2c9d6fe0726bf7836e144d435c1f5af, 518032f41fd0175461b35ae0c9691e08b4aea55e62915f8360af2cc7a1f2ba6c, cc348d369011362a5190fe96dd1f0dfbc697fdfd10e382b9e9666f0da05961b7, 6839a6d3d430c569b2425e9391717b44ca324b88ba621d597778811b2d05031d, 99a2705ed38c1c26cbb8fe7acf36bbf626668e167a33335de932599219e0a235, 76bf0fd12bd945762a01f8fc5bbcdfa4d0ff20f8762af490f8f41d6237c6524f, e22bce619ae24ca3b8e6519281cb5a33b64b3190cc763248b4c3f9ad5087a92c, d58cf9939847921b2aab78eaa7b427dc4c649d25e6bee3c749ace4c3f52f5c97, 6c2c0667393c5f92f1885163068cd31800d2264eb088eb6fc740e11241b2bf06, d14e08374fc7197d6a0de468c968ae8ba3aadbf9315476fd39071831f5923662, 057eed1fd48c238491b8ea06b9b5bf85a5d4c9275dd3f6183e0e6b01730cc2ba, e491352788e56ca4603acc411ffe1a49fefd76ed8b163af86cf5ee5f4c38645b, 40f452260bef3f29dede136108fc08a88d5a5250310281067087da6f0baddff7, 97b883cd8a2b7f49f90d5d39c981cf6e110cf1f1c64427a28a6d58ec88c43657, 7ff38fc24494a2766916be2d29b0a04cff1716056b51f6e2bd8e01c64108f6f3, 8a7806365bbd98d88b4c13832ebfa305f6abaeaf32cfa2b7dd25c4fa489b79fb, b7b5838cd62173ed88246090a7dac53b89c8a031f8fe2a4436e2262c397dd42f] akkaAddress=akka://da-ui-backend, sourceThread=da-ui-backend-akka.actor.default-dispatcher-6, akkaSource=akka://da-ui-backend/user/$a/party-Driver, sourceActorSystem=da-ui-backend, akkaTimestamp=20:04:52.923UTC
21:04:52.929 [da-ui-backend-akka.actor.default-dispatcher-8] INFO  c.d.n.s.platform.PlatformSubscriber - Successfully loaded packages [f3a8894cb1c3e35049399d6a7ae98b6669772e31c932afff68e1b3ac36b8f327, c1f1f00558799eec139fb4f4c76f95fb52fa1837a5dd29600baa1c8ed1bdccfd, 733e38d36a2759688a4b2c4cec69d48e7b55ecc8dedc8067b815926c917a182a, bfcd37bd6b84768e86e432f5f6c33e25d9e7724a9d42e33875ff74f6348e733f, e43e6919b0b662427bc18f7a1d4f6233b2c9d6fe0726bf7836e144d435c1f5af, 518032f41fd0175461b35ae0c9691e08b4aea55e62915f8360af2cc7a1f2ba6c, cc348d369011362a5190fe96dd1f0dfbc697fdfd10e382b9e9666f0da05961b7, 6839a6d3d430c569b2425e9391717b44ca324b88ba621d597778811b2d05031d, 99a2705ed38c1c26cbb8fe7acf36bbf626668e167a33335de932599219e0a235, 76bf0fd12bd945762a01f8fc5bbcdfa4d0ff20f8762af490f8f41d6237c6524f, e22bce619ae24ca3b8e6519281cb5a33b64b3190cc763248b4c3f9ad5087a92c, d58cf9939847921b2aab78eaa7b427dc4c649d25e6bee3c749ace4c3f52f5c97, 6c2c0667393c5f92f1885163068cd31800d2264eb088eb6fc740e11241b2bf06, d14e08374fc7197d6a0de468c968ae8ba3aadbf9315476fd39071831f5923662, 057eed1fd48c238491b8ea06b9b5bf85a5d4c9275dd3f6183e0e6b01730cc2ba, e491352788e56ca4603acc411ffe1a49fefd76ed8b163af86cf5ee5f4c38645b, 40f452260bef3f29dede136108fc08a88d5a5250310281067087da6f0baddff7, 97b883cd8a2b7f49f90d5d39c981cf6e110cf1f1c64427a28a6d58ec88c43657, 7ff38fc24494a2766916be2d29b0a04cff1716056b51f6e2bd8e01c64108f6f3, 8a7806365bbd98d88b4c13832ebfa305f6abaeaf32cfa2b7dd25c4fa489b79fb, b7b5838cd62173ed88246090a7dac53b89c8a031f8fe2a4436e2262c397dd42f] akkaAddress=akka://da-ui-backend, sourceThread=da-ui-backend-akka.actor.default-dispatcher-8, akkaSource=akka://da-ui-backend/user/$a/party-Fabricante, sourceActorSystem=da-ui-backend, akkaTimestamp=20:04:52.926UTC
21:04:52.933 [da-ui-backend-akka.actor.default-dispatcher-10] INFO  c.d.n.s.platform.PlatformSubscriber - Successfully loaded packages [f3a8894cb1c3e35049399d6a7ae98b6669772e31c932afff68e1b3ac36b8f327, c1f1f00558799eec139fb4f4c76f95fb52fa1837a5dd29600baa1c8ed1bdccfd, 733e38d36a2759688a4b2c4cec69d48e7b55ecc8dedc8067b815926c917a182a, bfcd37bd6b84768e86e432f5f6c33e25d9e7724a9d42e33875ff74f6348e733f, e43e6919b0b662427bc18f7a1d4f6233b2c9d6fe0726bf7836e144d435c1f5af, 518032f41fd0175461b35ae0c9691e08b4aea55e62915f8360af2cc7a1f2ba6c, cc348d369011362a5190fe96dd1f0dfbc697fdfd10e382b9e9666f0da05961b7, 6839a6d3d430c569b2425e9391717b44ca324b88ba621d597778811b2d05031d, 99a2705ed38c1c26cbb8fe7acf36bbf626668e167a33335de932599219e0a235, 76bf0fd12bd945762a01f8fc5bbcdfa4d0ff20f8762af490f8f41d6237c6524f, e22bce619ae24ca3b8e6519281cb5a33b64b3190cc763248b4c3f9ad5087a92c, d58cf9939847921b2aab78eaa7b427dc4c649d25e6bee3c749ace4c3f52f5c97, 6c2c0667393c5f92f1885163068cd31800d2264eb088eb6fc740e11241b2bf06, d14e08374fc7197d6a0de468c968ae8ba3aadbf9315476fd39071831f5923662, 057eed1fd48c238491b8ea06b9b5bf85a5d4c9275dd3f6183e0e6b01730cc2ba, e491352788e56ca4603acc411ffe1a49fefd76ed8b163af86cf5ee5f4c38645b, 40f452260bef3f29dede136108fc08a88d5a5250310281067087da6f0baddff7, 97b883cd8a2b7f49f90d5d39c981cf6e110cf1f1c64427a28a6d58ec88c43657, 7ff38fc24494a2766916be2d29b0a04cff1716056b51f6e2bd8e01c64108f6f3, 8a7806365bbd98d88b4c13832ebfa305f6abaeaf32cfa2b7dd25c4fa489b79fb, b7b5838cd62173ed88246090a7dac53b89c8a031f8fe2a4436e2262c397dd42f] akkaAddress=akka://da-ui-backend, sourceThread=da-ui-backend-akka.actor.default-dispatcher-4, akkaSource=akka://da-ui-backend/user/$a/party-Parking+Space+owner, sourceActorSystem=da-ui-backend, akkaTimestamp=20:04:52.932UTC
21:08:24.270 [da-ui-backend-akka.actor.default-dispatcher-5] INFO  com.daml.navigator.NavigatorBackend$ - Logged out user 'Parking Space owner' 
21:08:51.093 [da-ui-backend-akka.actor.default-dispatcher-11] INFO  c.d.n.s.platform.PlatformSubscriber - Command '7f5aea52d704bca9' completed successfully. akkaAddress=akka://da-ui-backend, sourceThread=da-ui-backend-akka.actor.default-dispatcher-7, akkaSource=akka://da-ui-backend/user/$a/party-Driver, sourceActorSystem=da-ui-backend, akkaTimestamp=20:08:51.093UTC
21:08:53.212 [da-ui-backend-akka.actor.default-dispatcher-7] INFO  com.daml.navigator.NavigatorBackend$ - Logged out user 'Driver' 
21:09:12.120 [da-ui-backend-akka.actor.default-dispatcher-7] INFO  c.d.n.s.platform.PlatformSubscriber - Command '5e47ecc1ce863eb1' completed successfully. akkaAddress=akka://da-ui-backend, sourceThread=da-ui-backend-akka.actor.default-dispatcher-7, akkaSource=akka://da-ui-backend/user/$a/party-Parking+Space+owner, sourceActorSystem=da-ui-backend, akkaTimestamp=20:09:12.120UTC
21:09:14.110 [da-ui-backend-akka.actor.default-dispatcher-4] INFO  com.daml.navigator.NavigatorBackend$ - Logged out user 'Parking Space owner' 
21:09:17.980 [da-ui-backend-akka.actor.default-dispatcher-7] INFO  com.daml.navigator.NavigatorBackend$ - Logged out user 'Driver' 
21:09:21.526 [da-ui-backend-akka.actor.default-dispatcher-10] INFO  com.daml.navigator.NavigatorBackend$ - Logged out user 'Fabricante' 
21:09:43.170 [da-ui-backend-akka.actor.default-dispatcher-5] INFO  c.d.n.s.platform.PlatformSubscriber - Command '2917133582eae1b4' completed with status 'CommandStatusError(INVALID_ARGUMENT,Command interpretation error in LF-DAMLe: Interpretation error: Error: node NodeId(0) (b7b5838cd62173ed88246090a7dac53b89c8a031f8fe2a4436e2262c397dd42f:SmartParking:CancelReservation) requires authorizers Driver,Parking Space owner, but only Parking Space owner were given. Details: Last location: [DA.Internal.Prelude:373], partial transaction: root node NodeId(0): NodeCreate(ContractId(0097c896bc73eb21333b0be14389ee1a0852d426f8bce3d7c674c6708425620f88),b7b5838cd62173ed88246090a7dac53b89c8a031f8fe2a4436e2262c397dd42f:SmartParking:CancelReservation,ValueRecord(Some(b7b5838cd62173ed88246090a7dac53b89c8a031f8fe2a4436e2262c397dd42f:SmartParking:CancelReservation),ImmArray((Some(parkingSpaceOwner),ValueParty(Parking Space owner)),(Some(driver),ValueParty(Driver)),(Some(carPlate),ValueText(Portugal2020)))),,Some(Location(e43e6919b0b662427bc18f7a1d4f6233b2c9d6fe0726bf7836e144d435c1f5af,DA.Internal.Prelude,$u002b$u002b,(372,25),(372,27))),TreeSet(Driver, Parking Space owner),TreeSet(Driver, Parking Space owner),None,V11).)'. akkaAddress=akka://da-ui-backend, sourceThread=da-ui-backend-akka.actor.default-dispatcher-5, akkaSource=akka://da-ui-backend/user/$a/party-Parking+Space+owner, sourceActorSystem=da-ui-backend, akkaTimestamp=20:09:43.170UTC
21:09:59.189 [da-ui-backend-akka.actor.default-dispatcher-11] WARN  c.d.l.c.s.c.CommandTrackerFlow$ - Completion Stream failed with an error. Trying to recover in 1 second .. 
io.grpc.StatusRuntimeException: UNAVAILABLE: Channel shutdownNow invoked
	at io.grpc.Status.asRuntimeException(Status.java:534)
	at io.grpc.stub.ClientCalls$StreamObserverToCallListenerAdapter.onClose(ClientCalls.java:478)
	at io.grpc.internal.ClientCallImpl.closeObserver(ClientCallImpl.java:553)
	at io.grpc.internal.ClientCallImpl.access$300(ClientCallImpl.java:68)
	at io.grpc.internal.ClientCallImpl$ClientStreamListenerImpl$1StreamClosed.runInternal(ClientCallImpl.java:739)
	at io.grpc.internal.ClientCallImpl$ClientStreamListenerImpl$1StreamClosed.runInContext(ClientCallImpl.java:718)
	at io.grpc.internal.ContextRunnable.run(ContextRunnable.java:37)
	at io.grpc.internal.SerializingExecutor.run(SerializingExecutor.java:123)
	at java.base/java.util.concurrent.ThreadPoolExecutor.runWorker(ThreadPoolExecutor.java:1128)
	at java.base/java.util.concurrent.ThreadPoolExecutor$Worker.run(ThreadPoolExecutor.java:628)
	at java.base/java.lang.Thread.run(Thread.java:834)
21:09:59.190 [da-ui-backend-akka.actor.default-dispatcher-4] ERROR akka.stream.Materializer - [completion at client] Upstream failed. akkaAddress=akka://da-ui-backend, sourceThread=da-ui-backend-akka.actor.default-dispatcher-11, akkaSource=akka.stream.Log(akka://da-ui-backend/system/Materializers/StreamSupervisor-4), sourceActorSystem=da-ui-backend, akkaTimestamp=20:09:59.179UTC
io.grpc.StatusRuntimeException: UNAVAILABLE: Channel shutdownNow invoked
	at io.grpc.Status.asRuntimeException(Status.java:534)
	at io.grpc.stub.ClientCalls$StreamObserverToCallListenerAdapter.onClose(ClientCalls.java:478)
	at io.grpc.internal.ClientCallImpl.closeObserver(ClientCallImpl.java:553)
	at io.grpc.internal.ClientCallImpl.access$300(ClientCallImpl.java:68)
	at io.grpc.internal.ClientCallImpl$ClientStreamListenerImpl$1StreamClosed.runInternal(ClientCallImpl.java:739)
	at io.grpc.internal.ClientCallImpl$ClientStreamListenerImpl$1StreamClosed.runInContext(ClientCallImpl.java:718)
	at io.grpc.internal.ContextRunnable.run(ContextRunnable.java:37)
	at io.grpc.internal.SerializingExecutor.run(SerializingExecutor.java:123)
	at java.base/java.util.concurrent.ThreadPoolExecutor.runWorker(ThreadPoolExecutor.java:1128)
	at java.base/java.util.concurrent.ThreadPoolExecutor$Worker.run(ThreadPoolExecutor.java:628)
	at java.base/java.lang.Thread.run(Thread.java:834)
21:09:59.190 [da-ui-backend-akka.actor.default-dispatcher-4] ERROR akka.stream.Materializer - [completion at client] Upstream failed. akkaAddress=akka://da-ui-backend, sourceThread=da-ui-backend-akka.actor.default-dispatcher-8, akkaSource=akka.stream.Log(akka://da-ui-backend/system/Materializers/StreamSupervisor-2), sourceActorSystem=da-ui-backend, akkaTimestamp=20:09:59.186UTC
io.grpc.StatusRuntimeException: UNAVAILABLE: Channel shutdownNow invoked
	at io.grpc.Status.asRuntimeException(Status.java:534)
	at io.grpc.stub.ClientCalls$StreamObserverToCallListenerAdapter.onClose(ClientCalls.java:478)
	at io.grpc.internal.ClientCallImpl.closeObserver(ClientCallImpl.java:553)
	at io.grpc.internal.ClientCallImpl.access$300(ClientCallImpl.java:68)
	at io.grpc.internal.ClientCallImpl$ClientStreamListenerImpl$1StreamClosed.runInternal(ClientCallImpl.java:739)
	at io.grpc.internal.ClientCallImpl$ClientStreamListenerImpl$1StreamClosed.runInContext(ClientCallImpl.java:718)
	at io.grpc.internal.ContextRunnable.run(ContextRunnable.java:37)
	at io.grpc.internal.SerializingExecutor.run(SerializingExecutor.java:123)
	at java.base/java.util.concurrent.ThreadPoolExecutor.runWorker(ThreadPoolExecutor.java:1128)
	at java.base/java.util.concurrent.ThreadPoolExecutor$Worker.run(ThreadPoolExecutor.java:628)
	at java.base/java.lang.Thread.run(Thread.java:834)
21:09:59.190 [da-ui-backend-akka.actor.default-dispatcher-4] ERROR akka.stream.Materializer - [completion at client] Upstream failed. akkaAddress=akka://da-ui-backend, sourceThread=da-ui-backend-akka.actor.default-dispatcher-7, akkaSource=akka.stream.Log(akka://da-ui-backend/system/Materializers/StreamSupervisor-3), sourceActorSystem=da-ui-backend, akkaTimestamp=20:09:59.187UTC
io.grpc.StatusRuntimeException: UNAVAILABLE: Channel shutdownNow invoked
	at io.grpc.Status.asRuntimeException(Status.java:534)
	at io.grpc.stub.ClientCalls$StreamObserverToCallListenerAdapter.onClose(ClientCalls.java:478)
	at io.grpc.internal.ClientCallImpl.closeObserver(ClientCallImpl.java:553)
	at io.grpc.internal.ClientCallImpl.access$300(ClientCallImpl.java:68)
	at io.grpc.internal.ClientCallImpl$ClientStreamListenerImpl$1StreamClosed.runInternal(ClientCallImpl.java:739)
	at io.grpc.internal.ClientCallImpl$ClientStreamListenerImpl$1StreamClosed.runInContext(ClientCallImpl.java:718)
	at io.grpc.internal.ContextRunnable.run(ContextRunnable.java:37)
	at io.grpc.internal.SerializingExecutor.run(SerializingExecutor.java:123)
	at java.base/java.util.concurrent.ThreadPoolExecutor.runWorker(ThreadPoolExecutor.java:1128)
	at java.base/java.util.concurrent.ThreadPoolExecutor$Worker.run(ThreadPoolExecutor.java:628)
	at java.base/java.lang.Thread.run(Thread.java:834)
21:09:59.191 [da-ui-backend-akka.actor.default-dispatcher-8] WARN  c.d.l.c.s.c.CommandTrackerFlow$ - Completion Stream failed with an error. Trying to recover in 1 second .. 
io.grpc.StatusRuntimeException: UNAVAILABLE: Channel shutdownNow invoked
	at io.grpc.Status.asRuntimeException(Status.java:534)
	at io.grpc.stub.ClientCalls$StreamObserverToCallListenerAdapter.onClose(ClientCalls.java:478)
	at io.grpc.internal.ClientCallImpl.closeObserver(ClientCallImpl.java:553)
	at io.grpc.internal.ClientCallImpl.access$300(ClientCallImpl.java:68)
	at io.grpc.internal.ClientCallImpl$ClientStreamListenerImpl$1StreamClosed.runInternal(ClientCallImpl.java:739)
	at io.grpc.internal.ClientCallImpl$ClientStreamListenerImpl$1StreamClosed.runInContext(ClientCallImpl.java:718)
	at io.grpc.internal.ContextRunnable.run(ContextRunnable.java:37)
	at io.grpc.internal.SerializingExecutor.run(SerializingExecutor.java:123)
	at java.base/java.util.concurrent.ThreadPoolExecutor.runWorker(ThreadPoolExecutor.java:1128)
	at java.base/java.util.concurrent.ThreadPoolExecutor$Worker.run(ThreadPoolExecutor.java:628)
	at java.base/java.lang.Thread.run(Thread.java:834)
21:09:59.191 [da-ui-backend-akka.actor.default-dispatcher-7] WARN  c.d.l.c.s.c.CommandTrackerFlow$ - Completion Stream failed with an error. Trying to recover in 1 second .. 
io.grpc.StatusRuntimeException: UNAVAILABLE: Channel shutdownNow invoked
	at io.grpc.Status.asRuntimeException(Status.java:534)
	at io.grpc.stub.ClientCalls$StreamObserverToCallListenerAdapter.onClose(ClientCalls.java:478)
	at io.grpc.internal.ClientCallImpl.closeObserver(ClientCallImpl.java:553)
	at io.grpc.internal.ClientCallImpl.access$300(ClientCallImpl.java:68)
	at io.grpc.internal.ClientCallImpl$ClientStreamListenerImpl$1StreamClosed.runInternal(ClientCallImpl.java:739)
	at io.grpc.internal.ClientCallImpl$ClientStreamListenerImpl$1StreamClosed.runInContext(ClientCallImpl.java:718)
	at io.grpc.internal.ContextRunnable.run(ContextRunnable.java:37)
	at io.grpc.internal.SerializingExecutor.run(SerializingExecutor.java:123)
	at java.base/java.util.concurrent.ThreadPoolExecutor.runWorker(ThreadPoolExecutor.java:1128)
	at java.base/java.util.concurrent.ThreadPoolExecutor$Worker.run(ThreadPoolExecutor.java:628)
	at java.base/java.lang.Thread.run(Thread.java:834)
21:09:59.208 [da-ui-backend-akka.actor.default-dispatcher-8] WARN  akka.actor.CoordinatedShutdown - Could not addJvmShutdownHook, due to: Shutdown in progress akkaAddress=akka://da-ui-backend, sourceThread=shutdownHook2, akkaSource=CoordinatedShutdown(akka://da-ui-backend), sourceActorSystem=da-ui-backend, akkaTimestamp=20:09:59.207UTC
