16:39:55.357 [main] INFO  com.daml.navigator.config.Config$ - Loading SDK config file from C:\Users\kenny\Desktop\BlockChain\smart-parking\daml.yaml 
16:39:56.270 [da-ui-backend-akka.actor.default-dispatcher-4] INFO  akka.event.slf4j.Slf4jLogger - Slf4jLogger started 
16:39:56.459 [da-ui-backend-akka.actor.default-dispatcher-6] INFO  c.d.n.store.platform.PlatformStore - Connecting to localhost:6865, using a plaintext connection akkaAddress=akka://da-ui-backend, sourceThread=da-ui-backend-akka.actor.default-dispatcher-5, akkaSource=akka://da-ui-backend/user/$a, sourceActorSystem=da-ui-backend, akkaTimestamp=15:39:56.458UTC
16:39:57.396 [main] INFO  com.daml.navigator.NavigatorBackend$ - DA UI backend server listening on port 7500 
16:39:58.375 [da-ui-backend-akka.actor.default-dispatcher-6] INFO  c.d.n.store.platform.PlatformStore - Time service is not implemented akkaAddress=akka://da-ui-backend, sourceThread=da-ui-backend-akka.actor.default-dispatcher-5, akkaSource=akka://da-ui-backend/user/$a, sourceActorSystem=da-ui-backend, akkaTimestamp=15:39:58.375UTC
16:39:58.384 [da-ui-backend-akka.actor.default-dispatcher-6] INFO  c.d.n.store.platform.PlatformStore - Connected to platform at 'localhost:6865' akkaAddress=akka://da-ui-backend, sourceThread=da-ui-backend-akka.actor.default-dispatcher-5, akkaSource=akka://da-ui-backend/user/$a, sourceActorSystem=da-ui-backend, akkaTimestamp=15:39:58.382UTC
16:39:58.387 [da-ui-backend-akka.actor.default-dispatcher-6] INFO  c.d.n.store.platform.PlatformStore - Starting actor for Fabricante akkaAddress=akka://da-ui-backend, sourceThread=da-ui-backend-akka.actor.default-dispatcher-5, akkaSource=akka://da-ui-backend/user/$a, sourceActorSystem=da-ui-backend, akkaTimestamp=15:39:58.387UTC
16:40:00.940 [da-ui-backend-akka.actor.default-dispatcher-6] INFO  c.d.n.store.platform.PlatformStore - Starting actor for Driver akkaAddress=akka://da-ui-backend, sourceThread=da-ui-backend-akka.actor.default-dispatcher-5, akkaSource=akka://da-ui-backend/user/$a, sourceActorSystem=da-ui-backend, akkaTimestamp=15:40:00.940UTC
16:40:00.973 [da-ui-backend-akka.actor.default-dispatcher-8] INFO  c.d.n.store.platform.PlatformStore - Starting actor for Issuer akkaAddress=akka://da-ui-backend, sourceThread=da-ui-backend-akka.actor.default-dispatcher-5, akkaSource=akka://da-ui-backend/user/$a, sourceActorSystem=da-ui-backend, akkaTimestamp=15:40:00.971UTC
16:40:01.053 [da-ui-backend-akka.actor.default-dispatcher-10] INFO  c.d.n.store.platform.PlatformStore - Starting actor for Parking Space owner akkaAddress=akka://da-ui-backend, sourceThread=da-ui-backend-akka.actor.default-dispatcher-5, akkaSource=akka://da-ui-backend/user/$a, sourceActorSystem=da-ui-backend, akkaTimestamp=15:40:01.052UTC
16:40:01.196 [da-ui-backend-akka.actor.default-dispatcher-7] INFO  c.d.n.store.platform.PlatformStore - Starting actor for IOT BOX akkaAddress=akka://da-ui-backend, sourceThread=da-ui-backend-akka.actor.default-dispatcher-5, akkaSource=akka://da-ui-backend/user/$a, sourceActorSystem=da-ui-backend, akkaTimestamp=15:40:01.196UTC
16:40:03.033 [da-ui-backend-akka.actor.default-dispatcher-9] INFO  c.d.n.s.platform.PlatformSubscriber - Successfully loaded packages [f3a8894cb1c3e35049399d6a7ae98b6669772e31c932afff68e1b3ac36b8f327, c1f1f00558799eec139fb4f4c76f95fb52fa1837a5dd29600baa1c8ed1bdccfd, 733e38d36a2759688a4b2c4cec69d48e7b55ecc8dedc8067b815926c917a182a, bfcd37bd6b84768e86e432f5f6c33e25d9e7724a9d42e33875ff74f6348e733f, e43e6919b0b662427bc18f7a1d4f6233b2c9d6fe0726bf7836e144d435c1f5af, 518032f41fd0175461b35ae0c9691e08b4aea55e62915f8360af2cc7a1f2ba6c, 11098e614cc95eabb45d1a422a96f77509813a3cfd7faf6f6ef5c4d27634b550, cc348d369011362a5190fe96dd1f0dfbc697fdfd10e382b9e9666f0da05961b7, 6839a6d3d430c569b2425e9391717b44ca324b88ba621d597778811b2d05031d, 99a2705ed38c1c26cbb8fe7acf36bbf626668e167a33335de932599219e0a235, 76bf0fd12bd945762a01f8fc5bbcdfa4d0ff20f8762af490f8f41d6237c6524f, e22bce619ae24ca3b8e6519281cb5a33b64b3190cc763248b4c3f9ad5087a92c, d58cf9939847921b2aab78eaa7b427dc4c649d25e6bee3c749ace4c3f52f5c97, 6c2c0667393c5f92f1885163068cd31800d2264eb088eb6fc740e11241b2bf06, d14e08374fc7197d6a0de468c968ae8ba3aadbf9315476fd39071831f5923662, 057eed1fd48c238491b8ea06b9b5bf85a5d4c9275dd3f6183e0e6b01730cc2ba, e491352788e56ca4603acc411ffe1a49fefd76ed8b163af86cf5ee5f4c38645b, 40f452260bef3f29dede136108fc08a88d5a5250310281067087da6f0baddff7, 97b883cd8a2b7f49f90d5d39c981cf6e110cf1f1c64427a28a6d58ec88c43657, 7ff38fc24494a2766916be2d29b0a04cff1716056b51f6e2bd8e01c64108f6f3, 8a7806365bbd98d88b4c13832ebfa305f6abaeaf32cfa2b7dd25c4fa489b79fb] akkaAddress=akka://da-ui-backend, sourceThread=da-ui-backend-akka.actor.default-dispatcher-5, akkaSource=akka://da-ui-backend/user/$a/party-Parking+Space+owner, sourceActorSystem=da-ui-backend, akkaTimestamp=15:40:03.027UTC
16:40:03.033 [da-ui-backend-akka.actor.default-dispatcher-9] INFO  c.d.n.s.platform.PlatformSubscriber - Successfully loaded packages [f3a8894cb1c3e35049399d6a7ae98b6669772e31c932afff68e1b3ac36b8f327, c1f1f00558799eec139fb4f4c76f95fb52fa1837a5dd29600baa1c8ed1bdccfd, 733e38d36a2759688a4b2c4cec69d48e7b55ecc8dedc8067b815926c917a182a, bfcd37bd6b84768e86e432f5f6c33e25d9e7724a9d42e33875ff74f6348e733f, e43e6919b0b662427bc18f7a1d4f6233b2c9d6fe0726bf7836e144d435c1f5af, 518032f41fd0175461b35ae0c9691e08b4aea55e62915f8360af2cc7a1f2ba6c, 11098e614cc95eabb45d1a422a96f77509813a3cfd7faf6f6ef5c4d27634b550, cc348d369011362a5190fe96dd1f0dfbc697fdfd10e382b9e9666f0da05961b7, 6839a6d3d430c569b2425e9391717b44ca324b88ba621d597778811b2d05031d, 99a2705ed38c1c26cbb8fe7acf36bbf626668e167a33335de932599219e0a235, 76bf0fd12bd945762a01f8fc5bbcdfa4d0ff20f8762af490f8f41d6237c6524f, e22bce619ae24ca3b8e6519281cb5a33b64b3190cc763248b4c3f9ad5087a92c, d58cf9939847921b2aab78eaa7b427dc4c649d25e6bee3c749ace4c3f52f5c97, 6c2c0667393c5f92f1885163068cd31800d2264eb088eb6fc740e11241b2bf06, d14e08374fc7197d6a0de468c968ae8ba3aadbf9315476fd39071831f5923662, 057eed1fd48c238491b8ea06b9b5bf85a5d4c9275dd3f6183e0e6b01730cc2ba, e491352788e56ca4603acc411ffe1a49fefd76ed8b163af86cf5ee5f4c38645b, 40f452260bef3f29dede136108fc08a88d5a5250310281067087da6f0baddff7, 97b883cd8a2b7f49f90d5d39c981cf6e110cf1f1c64427a28a6d58ec88c43657, 7ff38fc24494a2766916be2d29b0a04cff1716056b51f6e2bd8e01c64108f6f3, 8a7806365bbd98d88b4c13832ebfa305f6abaeaf32cfa2b7dd25c4fa489b79fb] akkaAddress=akka://da-ui-backend, sourceThread=da-ui-backend-akka.actor.default-dispatcher-10, akkaSource=akka://da-ui-backend/user/$a/party-Fabricante, sourceActorSystem=da-ui-backend, akkaTimestamp=15:40:03.032UTC
16:40:03.033 [da-ui-backend-akka.actor.default-dispatcher-9] INFO  c.d.n.s.platform.PlatformSubscriber - Successfully loaded packages [f3a8894cb1c3e35049399d6a7ae98b6669772e31c932afff68e1b3ac36b8f327, c1f1f00558799eec139fb4f4c76f95fb52fa1837a5dd29600baa1c8ed1bdccfd, 733e38d36a2759688a4b2c4cec69d48e7b55ecc8dedc8067b815926c917a182a, bfcd37bd6b84768e86e432f5f6c33e25d9e7724a9d42e33875ff74f6348e733f, e43e6919b0b662427bc18f7a1d4f6233b2c9d6fe0726bf7836e144d435c1f5af, 518032f41fd0175461b35ae0c9691e08b4aea55e62915f8360af2cc7a1f2ba6c, 11098e614cc95eabb45d1a422a96f77509813a3cfd7faf6f6ef5c4d27634b550, cc348d369011362a5190fe96dd1f0dfbc697fdfd10e382b9e9666f0da05961b7, 6839a6d3d430c569b2425e9391717b44ca324b88ba621d597778811b2d05031d, 99a2705ed38c1c26cbb8fe7acf36bbf626668e167a33335de932599219e0a235, 76bf0fd12bd945762a01f8fc5bbcdfa4d0ff20f8762af490f8f41d6237c6524f, e22bce619ae24ca3b8e6519281cb5a33b64b3190cc763248b4c3f9ad5087a92c, d58cf9939847921b2aab78eaa7b427dc4c649d25e6bee3c749ace4c3f52f5c97, 6c2c0667393c5f92f1885163068cd31800d2264eb088eb6fc740e11241b2bf06, d14e08374fc7197d6a0de468c968ae8ba3aadbf9315476fd39071831f5923662, 057eed1fd48c238491b8ea06b9b5bf85a5d4c9275dd3f6183e0e6b01730cc2ba, e491352788e56ca4603acc411ffe1a49fefd76ed8b163af86cf5ee5f4c38645b, 40f452260bef3f29dede136108fc08a88d5a5250310281067087da6f0baddff7, 97b883cd8a2b7f49f90d5d39c981cf6e110cf1f1c64427a28a6d58ec88c43657, 7ff38fc24494a2766916be2d29b0a04cff1716056b51f6e2bd8e01c64108f6f3, 8a7806365bbd98d88b4c13832ebfa305f6abaeaf32cfa2b7dd25c4fa489b79fb] akkaAddress=akka://da-ui-backend, sourceThread=da-ui-backend-akka.actor.default-dispatcher-6, akkaSource=akka://da-ui-backend/user/$a/party-Driver, sourceActorSystem=da-ui-backend, akkaTimestamp=15:40:03.033UTC
16:40:03.063 [da-ui-backend-akka.actor.default-dispatcher-9] INFO  c.d.n.s.platform.PlatformSubscriber - Successfully loaded packages [f3a8894cb1c3e35049399d6a7ae98b6669772e31c932afff68e1b3ac36b8f327, c1f1f00558799eec139fb4f4c76f95fb52fa1837a5dd29600baa1c8ed1bdccfd, 733e38d36a2759688a4b2c4cec69d48e7b55ecc8dedc8067b815926c917a182a, bfcd37bd6b84768e86e432f5f6c33e25d9e7724a9d42e33875ff74f6348e733f, e43e6919b0b662427bc18f7a1d4f6233b2c9d6fe0726bf7836e144d435c1f5af, 518032f41fd0175461b35ae0c9691e08b4aea55e62915f8360af2cc7a1f2ba6c, 11098e614cc95eabb45d1a422a96f77509813a3cfd7faf6f6ef5c4d27634b550, cc348d369011362a5190fe96dd1f0dfbc697fdfd10e382b9e9666f0da05961b7, 6839a6d3d430c569b2425e9391717b44ca324b88ba621d597778811b2d05031d, 99a2705ed38c1c26cbb8fe7acf36bbf626668e167a33335de932599219e0a235, 76bf0fd12bd945762a01f8fc5bbcdfa4d0ff20f8762af490f8f41d6237c6524f, e22bce619ae24ca3b8e6519281cb5a33b64b3190cc763248b4c3f9ad5087a92c, d58cf9939847921b2aab78eaa7b427dc4c649d25e6bee3c749ace4c3f52f5c97, 6c2c0667393c5f92f1885163068cd31800d2264eb088eb6fc740e11241b2bf06, d14e08374fc7197d6a0de468c968ae8ba3aadbf9315476fd39071831f5923662, 057eed1fd48c238491b8ea06b9b5bf85a5d4c9275dd3f6183e0e6b01730cc2ba, e491352788e56ca4603acc411ffe1a49fefd76ed8b163af86cf5ee5f4c38645b, 40f452260bef3f29dede136108fc08a88d5a5250310281067087da6f0baddff7, 97b883cd8a2b7f49f90d5d39c981cf6e110cf1f1c64427a28a6d58ec88c43657, 7ff38fc24494a2766916be2d29b0a04cff1716056b51f6e2bd8e01c64108f6f3, 8a7806365bbd98d88b4c13832ebfa305f6abaeaf32cfa2b7dd25c4fa489b79fb] akkaAddress=akka://da-ui-backend, sourceThread=da-ui-backend-akka.actor.default-dispatcher-4, akkaSource=akka://da-ui-backend/user/$a/party-IOT+BOX, sourceActorSystem=da-ui-backend, akkaTimestamp=15:40:03.060UTC
16:40:03.063 [da-ui-backend-akka.actor.default-dispatcher-9] INFO  c.d.n.s.platform.PlatformSubscriber - Successfully loaded packages [f3a8894cb1c3e35049399d6a7ae98b6669772e31c932afff68e1b3ac36b8f327, c1f1f00558799eec139fb4f4c76f95fb52fa1837a5dd29600baa1c8ed1bdccfd, 733e38d36a2759688a4b2c4cec69d48e7b55ecc8dedc8067b815926c917a182a, bfcd37bd6b84768e86e432f5f6c33e25d9e7724a9d42e33875ff74f6348e733f, e43e6919b0b662427bc18f7a1d4f6233b2c9d6fe0726bf7836e144d435c1f5af, 518032f41fd0175461b35ae0c9691e08b4aea55e62915f8360af2cc7a1f2ba6c, 11098e614cc95eabb45d1a422a96f77509813a3cfd7faf6f6ef5c4d27634b550, cc348d369011362a5190fe96dd1f0dfbc697fdfd10e382b9e9666f0da05961b7, 6839a6d3d430c569b2425e9391717b44ca324b88ba621d597778811b2d05031d, 99a2705ed38c1c26cbb8fe7acf36bbf626668e167a33335de932599219e0a235, 76bf0fd12bd945762a01f8fc5bbcdfa4d0ff20f8762af490f8f41d6237c6524f, e22bce619ae24ca3b8e6519281cb5a33b64b3190cc763248b4c3f9ad5087a92c, d58cf9939847921b2aab78eaa7b427dc4c649d25e6bee3c749ace4c3f52f5c97, 6c2c0667393c5f92f1885163068cd31800d2264eb088eb6fc740e11241b2bf06, d14e08374fc7197d6a0de468c968ae8ba3aadbf9315476fd39071831f5923662, 057eed1fd48c238491b8ea06b9b5bf85a5d4c9275dd3f6183e0e6b01730cc2ba, e491352788e56ca4603acc411ffe1a49fefd76ed8b163af86cf5ee5f4c38645b, 40f452260bef3f29dede136108fc08a88d5a5250310281067087da6f0baddff7, 97b883cd8a2b7f49f90d5d39c981cf6e110cf1f1c64427a28a6d58ec88c43657, 7ff38fc24494a2766916be2d29b0a04cff1716056b51f6e2bd8e01c64108f6f3, 8a7806365bbd98d88b4c13832ebfa305f6abaeaf32cfa2b7dd25c4fa489b79fb] akkaAddress=akka://da-ui-backend, sourceThread=da-ui-backend-akka.actor.default-dispatcher-8, akkaSource=akka://da-ui-backend/user/$a/party-Issuer, sourceActorSystem=da-ui-backend, akkaTimestamp=15:40:03.060UTC
16:40:29.519 [da-ui-backend-akka.actor.default-dispatcher-6] INFO  c.d.n.s.platform.PlatformSubscriber - Command '84f5acb638c698d8' completed with status 'CommandStatusError(INVALID_ARGUMENT,Command interpretation error in LF-DAMLe: Interpretation error: Error: node NodeId(0) (11098e614cc95eabb45d1a422a96f77509813a3cfd7faf6f6ef5c4d27634b550:SmartParking:BayTokens) requires authorizers Dirver, but only Driver were given. Details: Last location: [DA.Internal.Prelude:373], partial transaction: root node NodeId(0): NodeCreate(ContractId(002b2b4105f90e05bf664181d42177bfb701df1837766a29a02684e2cc79da4760),11098e614cc95eabb45d1a422a96f77509813a3cfd7faf6f6ef5c4d27634b550:SmartParking:BayTokens,ValueRecord(Some(11098e614cc95eabb45d1a422a96f77509813a3cfd7faf6f6ef5c4d27634b550:SmartParking:BayTokens),ImmArray((Some(owner),ValueParty(Dirver)),(Some(issuer),ValueParty(Fabricante)),(Some(euros),ValueInt64(50)))),,Some(Location(e43e6919b0b662427bc18f7a1d4f6233b2c9d6fe0726bf7836e144d435c1f5af,DA.Internal.Prelude,$u002b$u002b,(372,25),(372,27))),TreeSet(Dirver),TreeSet(Dirver, Fabricante),None,V11).)'. akkaAddress=akka://da-ui-backend, sourceThread=da-ui-backend-akka.actor.default-dispatcher-4, akkaSource=akka://da-ui-backend/user/$a/party-Driver, sourceActorSystem=da-ui-backend, akkaTimestamp=15:40:29.518UTC
16:40:45.183 [da-ui-backend-akka.actor.default-dispatcher-4] INFO  c.d.n.s.platform.PlatformSubscriber - Command '2c5d7b48960a2aff' completed with status 'CommandStatusError(INVALID_ARGUMENT,Command interpretation error in LF-DAMLe: Interpretation error: Error: node NodeId(0) (11098e614cc95eabb45d1a422a96f77509813a3cfd7faf6f6ef5c4d27634b550:SmartParking:BayTokens) requires authorizers Dirver, but only Driver were given. Details: Last location: [DA.Internal.Prelude:373], partial transaction: root node NodeId(0): NodeCreate(ContractId(0021ba1ff135822b52f2707eec92cc025301ce33d85a3b2a46637f6d6e857c94a7),11098e614cc95eabb45d1a422a96f77509813a3cfd7faf6f6ef5c4d27634b550:SmartParking:BayTokens,ValueRecord(Some(11098e614cc95eabb45d1a422a96f77509813a3cfd7faf6f6ef5c4d27634b550:SmartParking:BayTokens),ImmArray((Some(owner),ValueParty(Dirver)),(Some(issuer),ValueParty(Fabricante)),(Some(euros),ValueInt64(50)))),,Some(Location(e43e6919b0b662427bc18f7a1d4f6233b2c9d6fe0726bf7836e144d435c1f5af,DA.Internal.Prelude,$u002b$u002b,(372,25),(372,27))),TreeSet(Dirver),TreeSet(Dirver, Fabricante),None,V11).)'. akkaAddress=akka://da-ui-backend, sourceThread=da-ui-backend-akka.actor.default-dispatcher-4, akkaSource=akka://da-ui-backend/user/$a/party-Driver, sourceActorSystem=da-ui-backend, akkaTimestamp=15:40:45.183UTC
16:41:01.104 [da-ui-backend-akka.actor.default-dispatcher-5] INFO  c.d.n.s.platform.PlatformSubscriber - Command 'b672ced94905d3f9' completed with status 'CommandStatusError(INVALID_ARGUMENT,Command interpretation error in LF-DAMLe: Interpretation error: Error: node NodeId(0) (11098e614cc95eabb45d1a422a96f77509813a3cfd7faf6f6ef5c4d27634b550:SmartParking:BayTokens) requires authorizers Dirver, but only Driver were given. Details: Last location: [DA.Internal.Prelude:373], partial transaction: root node NodeId(0): NodeCreate(ContractId(0069e21abf800c396b444afd084a540a4a60bbf262c8f146ca1e3e2f2d31624ca7),11098e614cc95eabb45d1a422a96f77509813a3cfd7faf6f6ef5c4d27634b550:SmartParking:BayTokens,ValueRecord(Some(11098e614cc95eabb45d1a422a96f77509813a3cfd7faf6f6ef5c4d27634b550:SmartParking:BayTokens),ImmArray((Some(owner),ValueParty(Dirver)),(Some(issuer),ValueParty(Fabricante)),(Some(euros),ValueInt64(50)))),,Some(Location(e43e6919b0b662427bc18f7a1d4f6233b2c9d6fe0726bf7836e144d435c1f5af,DA.Internal.Prelude,$u002b$u002b,(372,25),(372,27))),TreeSet(Dirver),TreeSet(Dirver, Fabricante),None,V11).)'. akkaAddress=akka://da-ui-backend, sourceThread=da-ui-backend-akka.actor.default-dispatcher-9, akkaSource=akka://da-ui-backend/user/$a/party-Driver, sourceActorSystem=da-ui-backend, akkaTimestamp=15:41:01.104UTC
16:41:28.823 [da-ui-backend-akka.actor.default-dispatcher-4] INFO  c.d.n.s.platform.PlatformSubscriber - Command '252066eb7f84d104' completed successfully. akkaAddress=akka://da-ui-backend, sourceThread=da-ui-backend-akka.actor.default-dispatcher-4, akkaSource=akka://da-ui-backend/user/$a/party-Driver, sourceActorSystem=da-ui-backend, akkaTimestamp=15:41:28.821UTC
16:41:34.828 [da-ui-backend-akka.actor.default-dispatcher-9] INFO  com.daml.navigator.NavigatorBackend$ - Logged out user 'Driver' 
16:41:41.096 [da-ui-backend-akka.actor.default-dispatcher-11] INFO  c.d.n.s.platform.PlatformSubscriber - Command 'b119a24f77758ff6' completed successfully. akkaAddress=akka://da-ui-backend, sourceThread=da-ui-backend-akka.actor.default-dispatcher-11, akkaSource=akka://da-ui-backend/user/$a/party-Fabricante, sourceActorSystem=da-ui-backend, akkaTimestamp=15:41:41.095UTC
16:41:44.680 [da-ui-backend-akka.actor.default-dispatcher-6] INFO  com.daml.navigator.NavigatorBackend$ - Logged out user 'Fabricante' 
16:41:54.072 [da-ui-backend-akka.actor.default-dispatcher-7] INFO  com.daml.navigator.NavigatorBackend$ - Logged out user 'Driver' 
16:41:58.310 [da-ui-backend-akka.actor.default-dispatcher-9] WARN  c.d.l.c.s.c.CommandTrackerFlow$ - Completion Stream failed with an error. Trying to recover in 1 second .. 
io.grpc.StatusRuntimeException: UNAVAILABLE: Channel shutdownNow invoked
	at io.grpc.Status.asRuntimeException(Status.java:534)
	at io.grpc.stub.ClientCalls$StreamObserverToCallListenerAdapter.onClose(ClientCalls.java:478)
	at io.grpc.internal.ClientCallImpl.closeObserver(ClientCallImpl.java:553)
	at io.grpc.internal.ClientCallImpl.access$300(ClientCallImpl.java:68)
	at io.grpc.internal.ClientCallImpl$ClientStreamListenerImpl$1StreamClosed.runInternal(ClientCallImpl.java:739)
	at io.grpc.internal.ClientCallImpl$ClientStreamListenerImpl$1StreamClosed.runInContext(ClientCallImpl.java:718)
	at io.grpc.internal.ContextRunnable.run(ContextRunnable.java:37)
	at io.grpc.internal.SerializingExecutor.run(SerializingExecutor.java:123)
	at java.base/java.util.concurrent.ThreadPoolExecutor.runWorker(ThreadPoolExecutor.java:1128)
	at java.base/java.util.concurrent.ThreadPoolExecutor$Worker.run(ThreadPoolExecutor.java:628)
	at java.base/java.lang.Thread.run(Thread.java:834)
16:41:58.311 [da-ui-backend-akka.actor.default-dispatcher-7] WARN  c.d.l.c.s.c.CommandTrackerFlow$ - Completion Stream failed with an error. Trying to recover in 1 second .. 
io.grpc.StatusRuntimeException: UNAVAILABLE: Channel shutdownNow invoked
	at io.grpc.Status.asRuntimeException(Status.java:534)
	at io.grpc.stub.ClientCalls$StreamObserverToCallListenerAdapter.onClose(ClientCalls.java:478)
	at io.grpc.internal.ClientCallImpl.closeObserver(ClientCallImpl.java:553)
	at io.grpc.internal.ClientCallImpl.access$300(ClientCallImpl.java:68)
	at io.grpc.internal.ClientCallImpl$ClientStreamListenerImpl$1StreamClosed.runInternal(ClientCallImpl.java:739)
	at io.grpc.internal.ClientCallImpl$ClientStreamListenerImpl$1StreamClosed.runInContext(ClientCallImpl.java:718)
	at io.grpc.internal.ContextRunnable.run(ContextRunnable.java:37)
	at io.grpc.internal.SerializingExecutor.run(SerializingExecutor.java:123)
	at java.base/java.util.concurrent.ThreadPoolExecutor.runWorker(ThreadPoolExecutor.java:1128)
	at java.base/java.util.concurrent.ThreadPoolExecutor$Worker.run(ThreadPoolExecutor.java:628)
	at java.base/java.lang.Thread.run(Thread.java:834)
16:41:58.312 [da-ui-backend-akka.actor.default-dispatcher-5] WARN  c.d.l.c.s.c.CommandTrackerFlow$ - Completion Stream failed with an error. Trying to recover in 1 second .. 
io.grpc.StatusRuntimeException: UNAVAILABLE: Channel shutdownNow invoked
	at io.grpc.Status.asRuntimeException(Status.java:534)
	at io.grpc.stub.ClientCalls$StreamObserverToCallListenerAdapter.onClose(ClientCalls.java:478)
	at io.grpc.internal.ClientCallImpl.closeObserver(ClientCallImpl.java:553)
	at io.grpc.internal.ClientCallImpl.access$300(ClientCallImpl.java:68)
	at io.grpc.internal.ClientCallImpl$ClientStreamListenerImpl$1StreamClosed.runInternal(ClientCallImpl.java:739)
	at io.grpc.internal.ClientCallImpl$ClientStreamListenerImpl$1StreamClosed.runInContext(ClientCallImpl.java:718)
	at io.grpc.internal.ContextRunnable.run(ContextRunnable.java:37)
	at io.grpc.internal.SerializingExecutor.run(SerializingExecutor.java:123)
	at java.base/java.util.concurrent.ThreadPoolExecutor.runWorker(ThreadPoolExecutor.java:1128)
	at java.base/java.util.concurrent.ThreadPoolExecutor$Worker.run(ThreadPoolExecutor.java:628)
	at java.base/java.lang.Thread.run(Thread.java:834)
16:41:58.312 [da-ui-backend-akka.actor.default-dispatcher-8] WARN  c.d.l.c.s.c.CommandTrackerFlow$ - Completion Stream failed with an error. Trying to recover in 1 second .. 
io.grpc.StatusRuntimeException: UNAVAILABLE: Channel shutdownNow invoked
	at io.grpc.Status.asRuntimeException(Status.java:534)
	at io.grpc.stub.ClientCalls$StreamObserverToCallListenerAdapter.onClose(ClientCalls.java:478)
	at io.grpc.internal.ClientCallImpl.closeObserver(ClientCallImpl.java:553)
	at io.grpc.internal.ClientCallImpl.access$300(ClientCallImpl.java:68)
	at io.grpc.internal.ClientCallImpl$ClientStreamListenerImpl$1StreamClosed.runInternal(ClientCallImpl.java:739)
	at io.grpc.internal.ClientCallImpl$ClientStreamListenerImpl$1StreamClosed.runInContext(ClientCallImpl.java:718)
	at io.grpc.internal.ContextRunnable.run(ContextRunnable.java:37)
	at io.grpc.internal.SerializingExecutor.run(SerializingExecutor.java:123)
	at java.base/java.util.concurrent.ThreadPoolExecutor.runWorker(ThreadPoolExecutor.java:1128)
	at java.base/java.util.concurrent.ThreadPoolExecutor$Worker.run(ThreadPoolExecutor.java:628)
	at java.base/java.lang.Thread.run(Thread.java:834)
16:41:58.316 [da-ui-backend-akka.actor.default-dispatcher-10] WARN  c.d.l.c.s.c.CommandTrackerFlow$ - Completion Stream failed with an error. Trying to recover in 1 second .. 
io.grpc.StatusRuntimeException: UNAVAILABLE: Channel shutdownNow invoked
	at io.grpc.Status.asRuntimeException(Status.java:534)
	at io.grpc.stub.ClientCalls$StreamObserverToCallListenerAdapter.onClose(ClientCalls.java:478)
	at io.grpc.internal.ClientCallImpl.closeObserver(ClientCallImpl.java:553)
	at io.grpc.internal.ClientCallImpl.access$300(ClientCallImpl.java:68)
	at io.grpc.internal.ClientCallImpl$ClientStreamListenerImpl$1StreamClosed.runInternal(ClientCallImpl.java:739)
	at io.grpc.internal.ClientCallImpl$ClientStreamListenerImpl$1StreamClosed.runInContext(ClientCallImpl.java:718)
	at io.grpc.internal.ContextRunnable.run(ContextRunnable.java:37)
	at io.grpc.internal.SerializingExecutor.run(SerializingExecutor.java:123)
	at java.base/java.util.concurrent.ThreadPoolExecutor.runWorker(ThreadPoolExecutor.java:1128)
	at java.base/java.util.concurrent.ThreadPoolExecutor$Worker.run(ThreadPoolExecutor.java:628)
	at java.base/java.lang.Thread.run(Thread.java:834)
16:41:58.316 [da-ui-backend-akka.actor.default-dispatcher-4] ERROR akka.stream.Materializer - [completion at client] Upstream failed. akkaAddress=akka://da-ui-backend, sourceThread=da-ui-backend-akka.actor.default-dispatcher-10, akkaSource=akka.stream.Log(akka://da-ui-backend/system/Materializers/StreamSupervisor-2), sourceActorSystem=da-ui-backend, akkaTimestamp=15:41:58.293UTC
io.grpc.StatusRuntimeException: UNAVAILABLE: Channel shutdownNow invoked
	at io.grpc.Status.asRuntimeException(Status.java:534)
	at io.grpc.stub.ClientCalls$StreamObserverToCallListenerAdapter.onClose(ClientCalls.java:478)
	at io.grpc.internal.ClientCallImpl.closeObserver(ClientCallImpl.java:553)
	at io.grpc.internal.ClientCallImpl.access$300(ClientCallImpl.java:68)
	at io.grpc.internal.ClientCallImpl$ClientStreamListenerImpl$1StreamClosed.runInternal(ClientCallImpl.java:739)
	at io.grpc.internal.ClientCallImpl$ClientStreamListenerImpl$1StreamClosed.runInContext(ClientCallImpl.java:718)
	at io.grpc.internal.ContextRunnable.run(ContextRunnable.java:37)
	at io.grpc.internal.SerializingExecutor.run(SerializingExecutor.java:123)
	at java.base/java.util.concurrent.ThreadPoolExecutor.runWorker(ThreadPoolExecutor.java:1128)
	at java.base/java.util.concurrent.ThreadPoolExecutor$Worker.run(ThreadPoolExecutor.java:628)
	at java.base/java.lang.Thread.run(Thread.java:834)
16:41:58.319 [da-ui-backend-akka.actor.default-dispatcher-4] ERROR akka.stream.Materializer - [completion at client] Upstream failed. akkaAddress=akka://da-ui-backend, sourceThread=da-ui-backend-akka.actor.default-dispatcher-9, akkaSource=akka.stream.Log(akka://da-ui-backend/system/Materializers/StreamSupervisor-6), sourceActorSystem=da-ui-backend, akkaTimestamp=15:41:58.310UTC
io.grpc.StatusRuntimeException: UNAVAILABLE: Channel shutdownNow invoked
	at io.grpc.Status.asRuntimeException(Status.java:534)
	at io.grpc.stub.ClientCalls$StreamObserverToCallListenerAdapter.onClose(ClientCalls.java:478)
	at io.grpc.internal.ClientCallImpl.closeObserver(ClientCallImpl.java:553)
	at io.grpc.internal.ClientCallImpl.access$300(ClientCallImpl.java:68)
	at io.grpc.internal.ClientCallImpl$ClientStreamListenerImpl$1StreamClosed.runInternal(ClientCallImpl.java:739)
	at io.grpc.internal.ClientCallImpl$ClientStreamListenerImpl$1StreamClosed.runInContext(ClientCallImpl.java:718)
	at io.grpc.internal.ContextRunnable.run(ContextRunnable.java:37)
	at io.grpc.internal.SerializingExecutor.run(SerializingExecutor.java:123)
	at java.base/java.util.concurrent.ThreadPoolExecutor.runWorker(ThreadPoolExecutor.java:1128)
	at java.base/java.util.concurrent.ThreadPoolExecutor$Worker.run(ThreadPoolExecutor.java:628)
	at java.base/java.lang.Thread.run(Thread.java:834)
16:41:58.320 [da-ui-backend-akka.actor.default-dispatcher-4] ERROR akka.stream.Materializer - [completion at client] Upstream failed. akkaAddress=akka://da-ui-backend, sourceThread=da-ui-backend-akka.actor.default-dispatcher-7, akkaSource=akka.stream.Log(akka://da-ui-backend/system/Materializers/StreamSupervisor-4), sourceActorSystem=da-ui-backend, akkaTimestamp=15:41:58.311UTC
io.grpc.StatusRuntimeException: UNAVAILABLE: Channel shutdownNow invoked
	at io.grpc.Status.asRuntimeException(Status.java:534)
	at io.grpc.stub.ClientCalls$StreamObserverToCallListenerAdapter.onClose(ClientCalls.java:478)
	at io.grpc.internal.ClientCallImpl.closeObserver(ClientCallImpl.java:553)
	at io.grpc.internal.ClientCallImpl.access$300(ClientCallImpl.java:68)
	at io.grpc.internal.ClientCallImpl$ClientStreamListenerImpl$1StreamClosed.runInternal(ClientCallImpl.java:739)
	at io.grpc.internal.ClientCallImpl$ClientStreamListenerImpl$1StreamClosed.runInContext(ClientCallImpl.java:718)
	at io.grpc.internal.ContextRunnable.run(ContextRunnable.java:37)
	at io.grpc.internal.SerializingExecutor.run(SerializingExecutor.java:123)
	at java.base/java.util.concurrent.ThreadPoolExecutor.runWorker(ThreadPoolExecutor.java:1128)
	at java.base/java.util.concurrent.ThreadPoolExecutor$Worker.run(ThreadPoolExecutor.java:628)
	at java.base/java.lang.Thread.run(Thread.java:834)
16:41:58.320 [da-ui-backend-akka.actor.default-dispatcher-4] ERROR akka.stream.Materializer - [completion at client] Upstream failed. akkaAddress=akka://da-ui-backend, sourceThread=da-ui-backend-akka.actor.default-dispatcher-5, akkaSource=akka.stream.Log(akka://da-ui-backend/system/Materializers/StreamSupervisor-3), sourceActorSystem=da-ui-backend, akkaTimestamp=15:41:58.311UTC
io.grpc.StatusRuntimeException: UNAVAILABLE: Channel shutdownNow invoked
	at io.grpc.Status.asRuntimeException(Status.java:534)
	at io.grpc.stub.ClientCalls$StreamObserverToCallListenerAdapter.onClose(ClientCalls.java:478)
	at io.grpc.internal.ClientCallImpl.closeObserver(ClientCallImpl.java:553)
	at io.grpc.internal.ClientCallImpl.access$300(ClientCallImpl.java:68)
	at io.grpc.internal.ClientCallImpl$ClientStreamListenerImpl$1StreamClosed.runInternal(ClientCallImpl.java:739)
	at io.grpc.internal.ClientCallImpl$ClientStreamListenerImpl$1StreamClosed.runInContext(ClientCallImpl.java:718)
	at io.grpc.internal.ContextRunnable.run(ContextRunnable.java:37)
	at io.grpc.internal.SerializingExecutor.run(SerializingExecutor.java:123)
	at java.base/java.util.concurrent.ThreadPoolExecutor.runWorker(ThreadPoolExecutor.java:1128)
	at java.base/java.util.concurrent.ThreadPoolExecutor$Worker.run(ThreadPoolExecutor.java:628)
	at java.base/java.lang.Thread.run(Thread.java:834)
16:41:58.320 [da-ui-backend-akka.actor.default-dispatcher-4] ERROR akka.stream.Materializer - [completion at client] Upstream failed. akkaAddress=akka://da-ui-backend, sourceThread=da-ui-backend-akka.actor.default-dispatcher-8, akkaSource=akka.stream.Log(akka://da-ui-backend/system/Materializers/StreamSupervisor-5), sourceActorSystem=da-ui-backend, akkaTimestamp=15:41:58.312UTC
io.grpc.StatusRuntimeException: UNAVAILABLE: Channel shutdownNow invoked
	at io.grpc.Status.asRuntimeException(Status.java:534)
	at io.grpc.stub.ClientCalls$StreamObserverToCallListenerAdapter.onClose(ClientCalls.java:478)
	at io.grpc.internal.ClientCallImpl.closeObserver(ClientCallImpl.java:553)
	at io.grpc.internal.ClientCallImpl.access$300(ClientCallImpl.java:68)
	at io.grpc.internal.ClientCallImpl$ClientStreamListenerImpl$1StreamClosed.runInternal(ClientCallImpl.java:739)
	at io.grpc.internal.ClientCallImpl$ClientStreamListenerImpl$1StreamClosed.runInContext(ClientCallImpl.java:718)
	at io.grpc.internal.ContextRunnable.run(ContextRunnable.java:37)
	at io.grpc.internal.SerializingExecutor.run(SerializingExecutor.java:123)
	at java.base/java.util.concurrent.ThreadPoolExecutor.runWorker(ThreadPoolExecutor.java:1128)
	at java.base/java.util.concurrent.ThreadPoolExecutor$Worker.run(ThreadPoolExecutor.java:628)
	at java.base/java.lang.Thread.run(Thread.java:834)
16:41:58.337 [da-ui-backend-akka.actor.default-dispatcher-5] WARN  akka.actor.CoordinatedShutdown - Could not addJvmShutdownHook, due to: Shutdown in progress akkaAddress=akka://da-ui-backend, sourceThread=shutdownHook2, akkaSource=CoordinatedShutdown(akka://da-ui-backend), sourceActorSystem=da-ui-backend, akkaTimestamp=15:41:58.336UTC
